{"/Users/admin/Documents/BenchMark /online-store/backend/server.js": {"path":"/Users/admin/Documents/BenchMark /online-store/backend/server.js","statementMap":{"0":{"start":{"line":1,"column":16},"end":{"line":1,"column":34}},"1":{"start":{"line":2,"column":13},"end":{"line":2,"column":28}},"2":{"start":{"line":3,"column":0},"end":{"line":3,"column":27}},"3":{"start":{"line":4,"column":18},"end":{"line":4,"column":46}},"4":{"start":{"line":5,"column":19},"end":{"line":5,"column":49}},"5":{"start":{"line":6,"column":22},"end":{"line":6,"column":55}},"6":{"start":{"line":8,"column":12},"end":{"line":8,"column":21}},"7":{"start":{"line":9,"column":13},"end":{"line":9,"column":37}},"8":{"start":{"line":12,"column":0},"end":{"line":12,"column":16}},"9":{"start":{"line":13,"column":0},"end":{"line":13,"column":24}},"10":{"start":{"line":16,"column":0},"end":{"line":16,"column":34}},"11":{"start":{"line":17,"column":0},"end":{"line":17,"column":40}},"12":{"start":{"line":20,"column":0},"end":{"line":22,"column":3}},"13":{"start":{"line":21,"column":4},"end":{"line":21,"column":56}},"14":{"start":{"line":25,"column":0},"end":{"line":29,"column":1}},"15":{"start":{"line":26,"column":4},"end":{"line":28,"column":7}},"16":{"start":{"line":27,"column":8},"end":{"line":27,"column":66}},"17":{"start":{"line":31,"column":0},"end":{"line":37,"column":7}},"18":{"start":{"line":33,"column":8},"end":{"line":33,"column":50}},"19":{"start":{"line":36,"column":8},"end":{"line":36,"column":54}},"20":{"start":{"line":39,"column":0},"end":{"line":39,"column":21}}},"fnMap":{"0":{"name":"(anonymous_0)","decl":{"start":{"line":20,"column":13},"end":{"line":20,"column":14}},"loc":{"start":{"line":20,"column":27},"end":{"line":22,"column":1}},"line":20},"1":{"name":"(anonymous_1)","decl":{"start":{"line":26,"column":21},"end":{"line":26,"column":22}},"loc":{"start":{"line":26,"column":27},"end":{"line":28,"column":5}},"line":26},"2":{"name":"(anonymous_2)","decl":{"start":{"line":32,"column":10},"end":{"line":32,"column":11}},"loc":{"start":{"line":32,"column":16},"end":{"line":34,"column":5}},"line":32},"3":{"name":"(anonymous_3)","decl":{"start":{"line":35,"column":11},"end":{"line":35,"column":12}},"loc":{"start":{"line":35,"column":20},"end":{"line":37,"column":5}},"line":35}},"branchMap":{"0":{"loc":{"start":{"line":9,"column":13},"end":{"line":9,"column":37}},"type":"binary-expr","locations":[{"start":{"line":9,"column":13},"end":{"line":9,"column":29}},{"start":{"line":9,"column":33},"end":{"line":9,"column":37}}],"line":9},"1":{"loc":{"start":{"line":25,"column":0},"end":{"line":29,"column":1}},"type":"if","locations":[{"start":{"line":25,"column":0},"end":{"line":29,"column":1}},{"start":{},"end":{}}],"line":25}},"s":{"0":2,"1":2,"2":2,"3":2,"4":2,"5":2,"6":2,"7":2,"8":2,"9":2,"10":2,"11":2,"12":2,"13":0,"14":2,"15":0,"16":0,"17":2,"18":1,"19":0,"20":2},"f":{"0":0,"1":0,"2":1,"3":0},"b":{"0":[2,0],"1":[0,2]},"_coverageSchema":"1a1c01bbd47fc00a2c39e90264f33305004495a9","hash":"f1d239b5a195f17fb430f7ff6df1bb868a7e7188"}
,"/Users/admin/Documents/BenchMark /online-store/backend/config/database.js": {"path":"/Users/admin/Documents/BenchMark /online-store/backend/config/database.js","statementMap":{"0":{"start":{"line":1,"column":22},"end":{"line":1,"column":42}},"1":{"start":{"line":2,"column":0},"end":{"line":2,"column":27}},"2":{"start":{"line":4,"column":18},"end":{"line":12,"column":1}},"3":{"start":{"line":14,"column":0},"end":{"line":16,"column":48}},"4":{"start":{"line":15,"column":14},"end":{"line":15,"column":50}},"5":{"start":{"line":16,"column":18},"end":{"line":16,"column":46}},"6":{"start":{"line":18,"column":0},"end":{"line":18,"column":27}}},"fnMap":{"0":{"name":"(anonymous_0)","decl":{"start":{"line":15,"column":8},"end":{"line":15,"column":9}},"loc":{"start":{"line":15,"column":14},"end":{"line":15,"column":50}},"line":15},"1":{"name":"(anonymous_1)","decl":{"start":{"line":16,"column":9},"end":{"line":16,"column":10}},"loc":{"start":{"line":16,"column":18},"end":{"line":16,"column":46}},"line":16}},"branchMap":{},"s":{"0":2,"1":2,"2":2,"3":2,"4":2,"5":0,"6":2},"f":{"0":2,"1":0},"b":{},"_coverageSchema":"1a1c01bbd47fc00a2c39e90264f33305004495a9","hash":"843782d7561d9a7a62cf0a2b831b5f1571581e69"}
,"/Users/admin/Documents/BenchMark /online-store/backend/middleware/authMiddleware.js": {"path":"/Users/admin/Documents/BenchMark /online-store/backend/middleware/authMiddleware.js","statementMap":{"0":{"start":{"line":1,"column":12},"end":{"line":1,"column":35}},"1":{"start":{"line":2,"column":0},"end":{"line":2,"column":27}},"2":{"start":{"line":4,"column":26},"end":{"line":19,"column":1}},"3":{"start":{"line":5,"column":23},"end":{"line":5,"column":51}},"4":{"start":{"line":6,"column":18},"end":{"line":6,"column":56}},"5":{"start":{"line":8,"column":4},"end":{"line":10,"column":5}},"6":{"start":{"line":9,"column":8},"end":{"line":9,"column":86}},"7":{"start":{"line":12,"column":4},"end":{"line":18,"column":5}},"8":{"start":{"line":13,"column":24},"end":{"line":13,"column":65}},"9":{"start":{"line":14,"column":8},"end":{"line":14,"column":27}},"10":{"start":{"line":15,"column":8},"end":{"line":15,"column":15}},"11":{"start":{"line":17,"column":8},"end":{"line":17,"column":66}},"12":{"start":{"line":21,"column":22},"end":{"line":28,"column":1}},"13":{"start":{"line":22,"column":4},"end":{"line":27,"column":6}},"14":{"start":{"line":23,"column":8},"end":{"line":25,"column":9}},"15":{"start":{"line":24,"column":12},"end":{"line":24,"column":110}},"16":{"start":{"line":26,"column":8},"end":{"line":26,"column":15}},"17":{"start":{"line":30,"column":0},"end":{"line":30,"column":54}}},"fnMap":{"0":{"name":"(anonymous_0)","decl":{"start":{"line":4,"column":26},"end":{"line":4,"column":27}},"loc":{"start":{"line":4,"column":46},"end":{"line":19,"column":1}},"line":4},"1":{"name":"(anonymous_1)","decl":{"start":{"line":21,"column":22},"end":{"line":21,"column":23}},"loc":{"start":{"line":21,"column":32},"end":{"line":28,"column":1}},"line":21},"2":{"name":"(anonymous_2)","decl":{"start":{"line":22,"column":11},"end":{"line":22,"column":12}},"loc":{"start":{"line":22,"column":31},"end":{"line":27,"column":5}},"line":22}},"branchMap":{"0":{"loc":{"start":{"line":6,"column":18},"end":{"line":6,"column":56}},"type":"binary-expr","locations":[{"start":{"line":6,"column":18},"end":{"line":6,"column":28}},{"start":{"line":6,"column":32},"end":{"line":6,"column":56}}],"line":6},"1":{"loc":{"start":{"line":8,"column":4},"end":{"line":10,"column":5}},"type":"if","locations":[{"start":{"line":8,"column":4},"end":{"line":10,"column":5}},{"start":{},"end":{}}],"line":8},"2":{"loc":{"start":{"line":23,"column":8},"end":{"line":25,"column":9}},"type":"if","locations":[{"start":{"line":23,"column":8},"end":{"line":25,"column":9}},{"start":{},"end":{}}],"line":23}},"s":{"0":2,"1":2,"2":2,"3":3,"4":3,"5":3,"6":0,"7":3,"8":3,"9":3,"10":3,"11":0,"12":2,"13":6,"14":3,"15":0,"16":3,"17":2},"f":{"0":3,"1":6,"2":3},"b":{"0":[3,3],"1":[0,3],"2":[0,3]},"_coverageSchema":"1a1c01bbd47fc00a2c39e90264f33305004495a9","hash":"7031c6ba6cf7d44109ca4c30f133bab3d8d3aaa7"}
,"/Users/admin/Documents/BenchMark /online-store/backend/models/Product.js": {"path":"/Users/admin/Documents/BenchMark /online-store/backend/models/Product.js","statementMap":{"0":{"start":{"line":1,"column":22},"end":{"line":1,"column":42}},"1":{"start":{"line":2,"column":18},"end":{"line":2,"column":47}},"2":{"start":{"line":4,"column":16},"end":{"line":23,"column":2}},"3":{"start":{"line":25,"column":0},"end":{"line":25,"column":25}}},"fnMap":{},"branchMap":{},"s":{"0":2,"1":2,"2":2,"3":2},"f":{},"b":{},"_coverageSchema":"1a1c01bbd47fc00a2c39e90264f33305004495a9","hash":"d3845d617dafc3a864659af70bb959f7a1521a41"}
,"/Users/admin/Documents/BenchMark /online-store/backend/models/User.js": {"path":"/Users/admin/Documents/BenchMark /online-store/backend/models/User.js","statementMap":{"0":{"start":{"line":1,"column":22},"end":{"line":1,"column":42}},"1":{"start":{"line":2,"column":18},"end":{"line":2,"column":47}},"2":{"start":{"line":4,"column":13},"end":{"line":20,"column":2}},"3":{"start":{"line":22,"column":0},"end":{"line":22,"column":22}}},"fnMap":{},"branchMap":{},"s":{"0":2,"1":2,"2":2,"3":2},"f":{},"b":{},"_coverageSchema":"1a1c01bbd47fc00a2c39e90264f33305004495a9","hash":"cef9ee78c5940869fd6de1ae34dadb301073bdca"}
,"/Users/admin/Documents/BenchMark /online-store/backend/routes/productRoutes.js": {"path":"/Users/admin/Documents/BenchMark /online-store/backend/routes/productRoutes.js","statementMap":{"0":{"start":{"line":1,"column":16},"end":{"line":1,"column":34}},"1":{"start":{"line":2,"column":45},"end":{"line":2,"column":84}},"2":{"start":{"line":3,"column":16},"end":{"line":3,"column":44}},"3":{"start":{"line":4,"column":15},"end":{"line":4,"column":31}},"4":{"start":{"line":7,"column":0},"end":{"line":21,"column":3}},"5":{"start":{"line":8,"column":41},"end":{"line":8,"column":49}},"6":{"start":{"line":10,"column":4},"end":{"line":20,"column":5}},"7":{"start":{"line":11,"column":24},"end":{"line":16,"column":10}},"8":{"start":{"line":17,"column":8},"end":{"line":17,"column":70}},"9":{"start":{"line":19,"column":8},"end":{"line":19,"column":88}},"10":{"start":{"line":24,"column":0},"end":{"line":31,"column":3}},"11":{"start":{"line":25,"column":4},"end":{"line":30,"column":5}},"12":{"start":{"line":26,"column":25},"end":{"line":26,"column":48}},"13":{"start":{"line":27,"column":8},"end":{"line":27,"column":39}},"14":{"start":{"line":29,"column":8},"end":{"line":29,"column":89}},"15":{"start":{"line":34,"column":0},"end":{"line":45,"column":3}},"16":{"start":{"line":35,"column":19},"end":{"line":35,"column":29}},"17":{"start":{"line":37,"column":4},"end":{"line":44,"column":5}},"18":{"start":{"line":38,"column":24},"end":{"line":38,"column":64}},"19":{"start":{"line":39,"column":8},"end":{"line":39,"column":84}},"20":{"start":{"line":39,"column":22},"end":{"line":39,"column":84}},"21":{"start":{"line":41,"column":8},"end":{"line":41,"column":61}},"22":{"start":{"line":43,"column":8},"end":{"line":43,"column":88}},"23":{"start":{"line":47,"column":0},"end":{"line":66,"column":3}},"24":{"start":{"line":48,"column":19},"end":{"line":48,"column":29}},"25":{"start":{"line":49,"column":41},"end":{"line":49,"column":49}},"26":{"start":{"line":51,"column":4},"end":{"line":65,"column":5}},"27":{"start":{"line":52,"column":24},"end":{"line":52,"column":50}},"28":{"start":{"line":53,"column":8},"end":{"line":55,"column":9}},"29":{"start":{"line":54,"column":12},"end":{"line":54,"column":74}},"30":{"start":{"line":57,"column":8},"end":{"line":57,"column":44}},"31":{"start":{"line":58,"column":8},"end":{"line":58,"column":65}},"32":{"start":{"line":59,"column":8},"end":{"line":59,"column":47}},"33":{"start":{"line":60,"column":8},"end":{"line":60,"column":29}},"34":{"start":{"line":62,"column":8},"end":{"line":62,"column":70}},"35":{"start":{"line":64,"column":8},"end":{"line":64,"column":88}},"36":{"start":{"line":68,"column":0},"end":{"line":81,"column":3}},"37":{"start":{"line":69,"column":25},"end":{"line":69,"column":35}},"38":{"start":{"line":71,"column":4},"end":{"line":80,"column":5}},"39":{"start":{"line":72,"column":25},"end":{"line":72,"column":82}},"40":{"start":{"line":73,"column":8},"end":{"line":75,"column":9}},"41":{"start":{"line":74,"column":12},"end":{"line":74,"column":89}},"42":{"start":{"line":77,"column":8},"end":{"line":77,"column":39}},"43":{"start":{"line":79,"column":8},"end":{"line":79,"column":90}},"44":{"start":{"line":84,"column":0},"end":{"line":84,"column":24}}},"fnMap":{"0":{"name":"(anonymous_0)","decl":{"start":{"line":7,"column":60},"end":{"line":7,"column":61}},"loc":{"start":{"line":7,"column":80},"end":{"line":21,"column":1}},"line":7},"1":{"name":"(anonymous_1)","decl":{"start":{"line":24,"column":16},"end":{"line":24,"column":17}},"loc":{"start":{"line":24,"column":36},"end":{"line":31,"column":1}},"line":24},"2":{"name":"(anonymous_2)","decl":{"start":{"line":34,"column":65},"end":{"line":34,"column":66}},"loc":{"start":{"line":34,"column":85},"end":{"line":45,"column":1}},"line":34},"3":{"name":"(anonymous_3)","decl":{"start":{"line":47,"column":62},"end":{"line":47,"column":63}},"loc":{"start":{"line":47,"column":82},"end":{"line":66,"column":1}},"line":47},"4":{"name":"(anonymous_4)","decl":{"start":{"line":68,"column":32},"end":{"line":68,"column":33}},"loc":{"start":{"line":68,"column":52},"end":{"line":81,"column":1}},"line":68}},"branchMap":{"0":{"loc":{"start":{"line":39,"column":8},"end":{"line":39,"column":84}},"type":"if","locations":[{"start":{"line":39,"column":8},"end":{"line":39,"column":84}},{"start":{},"end":{}}],"line":39},"1":{"loc":{"start":{"line":53,"column":8},"end":{"line":55,"column":9}},"type":"if","locations":[{"start":{"line":53,"column":8},"end":{"line":55,"column":9}},{"start":{},"end":{}}],"line":53},"2":{"loc":{"start":{"line":57,"column":23},"end":{"line":57,"column":43}},"type":"binary-expr","locations":[{"start":{"line":57,"column":23},"end":{"line":57,"column":27}},{"start":{"line":57,"column":31},"end":{"line":57,"column":43}}],"line":57},"3":{"loc":{"start":{"line":58,"column":30},"end":{"line":58,"column":64}},"type":"binary-expr","locations":[{"start":{"line":58,"column":30},"end":{"line":58,"column":41}},{"start":{"line":58,"column":45},"end":{"line":58,"column":64}}],"line":58},"4":{"loc":{"start":{"line":59,"column":24},"end":{"line":59,"column":46}},"type":"binary-expr","locations":[{"start":{"line":59,"column":24},"end":{"line":59,"column":29}},{"start":{"line":59,"column":33},"end":{"line":59,"column":46}}],"line":59},"5":{"loc":{"start":{"line":73,"column":8},"end":{"line":75,"column":9}},"type":"if","locations":[{"start":{"line":73,"column":8},"end":{"line":75,"column":9}},{"start":{},"end":{}}],"line":73}},"s":{"0":2,"1":2,"2":2,"3":2,"4":2,"5":1,"6":1,"7":1,"8":1,"9":0,"10":2,"11":1,"12":1,"13":1,"14":0,"15":2,"16":1,"17":1,"18":1,"19":1,"20":0,"21":1,"22":0,"23":2,"24":1,"25":1,"26":1,"27":1,"28":1,"29":0,"30":1,"31":1,"32":1,"33":1,"34":1,"35":0,"36":2,"37":0,"38":0,"39":0,"40":0,"41":0,"42":0,"43":0,"44":2},"f":{"0":1,"1":1,"2":1,"3":1,"4":0},"b":{"0":[0,1],"1":[0,1],"2":[1,0],"3":[1,1],"4":[1,0],"5":[0,0]},"_coverageSchema":"1a1c01bbd47fc00a2c39e90264f33305004495a9","hash":"2137f030e6404ed23e3610b30abe35423a0aed2d"}
,"/Users/admin/Documents/BenchMark /online-store/backend/routes/userRoutes.js": {"path":"/Users/admin/Documents/BenchMark /online-store/backend/routes/userRoutes.js","statementMap":{"0":{"start":{"line":1,"column":16},"end":{"line":1,"column":34}},"1":{"start":{"line":2,"column":13},"end":{"line":2,"column":38}},"2":{"start":{"line":3,"column":57},"end":{"line":3,"column":86}},"3":{"start":{"line":4,"column":15},"end":{"line":4,"column":31}},"4":{"start":{"line":7,"column":0},"end":{"line":19,"column":3}},"5":{"start":{"line":8,"column":36},"end":{"line":8,"column":44}},"6":{"start":{"line":10,"column":2},"end":{"line":18,"column":3}},"7":{"start":{"line":11,"column":27},"end":{"line":11,"column":55}},"8":{"start":{"line":12,"column":17},"end":{"line":12,"column":77}},"9":{"start":{"line":14,"column":18},"end":{"line":14,"column":37}},"10":{"start":{"line":15,"column":4},"end":{"line":15,"column":64}},"11":{"start":{"line":17,"column":4},"end":{"line":17,"column":81}},"12":{"start":{"line":22,"column":0},"end":{"line":37,"column":3}},"13":{"start":{"line":23,"column":30},"end":{"line":23,"column":38}},"14":{"start":{"line":25,"column":2},"end":{"line":36,"column":3}},"15":{"start":{"line":26,"column":17},"end":{"line":26,"column":57}},"16":{"start":{"line":27,"column":4},"end":{"line":27,"column":74}},"17":{"start":{"line":27,"column":15},"end":{"line":27,"column":74}},"18":{"start":{"line":29,"column":20},"end":{"line":29,"column":66}},"19":{"start":{"line":30,"column":4},"end":{"line":30,"column":82}},"20":{"start":{"line":30,"column":18},"end":{"line":30,"column":82}},"21":{"start":{"line":32,"column":18},"end":{"line":32,"column":37}},"22":{"start":{"line":33,"column":4},"end":{"line":33,"column":65}},"23":{"start":{"line":35,"column":4},"end":{"line":35,"column":80}},"24":{"start":{"line":39,"column":0},"end":{"line":39,"column":24}}},"fnMap":{"0":{"name":"(anonymous_0)","decl":{"start":{"line":7,"column":23},"end":{"line":7,"column":24}},"loc":{"start":{"line":7,"column":43},"end":{"line":19,"column":1}},"line":7},"1":{"name":"(anonymous_1)","decl":{"start":{"line":22,"column":22},"end":{"line":22,"column":23}},"loc":{"start":{"line":22,"column":42},"end":{"line":37,"column":1}},"line":22}},"branchMap":{"0":{"loc":{"start":{"line":27,"column":4},"end":{"line":27,"column":74}},"type":"if","locations":[{"start":{"line":27,"column":4},"end":{"line":27,"column":74}},{"start":{},"end":{}}],"line":27},"1":{"loc":{"start":{"line":30,"column":4},"end":{"line":30,"column":82}},"type":"if","locations":[{"start":{"line":30,"column":4},"end":{"line":30,"column":82}},{"start":{},"end":{}}],"line":30}},"s":{"0":2,"1":2,"2":2,"3":2,"4":2,"5":1,"6":1,"7":1,"8":1,"9":1,"10":1,"11":0,"12":2,"13":2,"14":2,"15":2,"16":2,"17":0,"18":2,"19":2,"20":0,"21":2,"22":2,"23":0,"24":2},"f":{"0":1,"1":2},"b":{"0":[0,2],"1":[0,2]},"_coverageSchema":"1a1c01bbd47fc00a2c39e90264f33305004495a9","hash":"fc147af8843221d7e24ba3869bcb0175b6427fa6"}
,"/Users/admin/Documents/BenchMark /online-store/backend/utils/authUtils.js": {"path":"/Users/admin/Documents/BenchMark /online-store/backend/utils/authUtils.js","statementMap":{"0":{"start":{"line":1,"column":15},"end":{"line":1,"column":34}},"1":{"start":{"line":2,"column":12},"end":{"line":2,"column":35}},"2":{"start":{"line":3,"column":0},"end":{"line":3,"column":27}},"3":{"start":{"line":5,"column":21},"end":{"line":8,"column":1}},"4":{"start":{"line":6,"column":15},"end":{"line":6,"column":39}},"5":{"start":{"line":7,"column":2},"end":{"line":7,"column":43}},"6":{"start":{"line":10,"column":24},"end":{"line":12,"column":1}},"7":{"start":{"line":11,"column":2},"end":{"line":11,"column":46}},"8":{"start":{"line":14,"column":22},"end":{"line":20,"column":1}},"9":{"start":{"line":15,"column":2},"end":{"line":19,"column":4}},"10":{"start":{"line":22,"column":0},"end":{"line":22,"column":66}}},"fnMap":{"0":{"name":"(anonymous_0)","decl":{"start":{"line":5,"column":21},"end":{"line":5,"column":22}},"loc":{"start":{"line":5,"column":41},"end":{"line":8,"column":1}},"line":5},"1":{"name":"(anonymous_1)","decl":{"start":{"line":10,"column":24},"end":{"line":10,"column":25}},"loc":{"start":{"line":10,"column":50},"end":{"line":12,"column":1}},"line":10},"2":{"name":"(anonymous_2)","decl":{"start":{"line":14,"column":22},"end":{"line":14,"column":23}},"loc":{"start":{"line":14,"column":32},"end":{"line":20,"column":1}},"line":14}},"branchMap":{},"s":{"0":2,"1":2,"2":2,"3":2,"4":1,"5":1,"6":2,"7":2,"8":2,"9":3,"10":2},"f":{"0":1,"1":2,"2":3},"b":{},"_coverageSchema":"1a1c01bbd47fc00a2c39e90264f33305004495a9","hash":"2a3e4e127feeee78a91502fa9dd3927a0742f697"}
}
