{"/Users/admin/Documents/BenchMark /online-store/backend/server.js": {"path":"/Users/admin/Documents/BenchMark /online-store/backend/server.js","statementMap":{"0":{"start":{"line":1,"column":16},"end":{"line":1,"column":34}},"1":{"start":{"line":2,"column":13},"end":{"line":2,"column":28}},"2":{"start":{"line":3,"column":0},"end":{"line":3,"column":27}},"3":{"start":{"line":4,"column":18},"end":{"line":4,"column":46}},"4":{"start":{"line":5,"column":19},"end":{"line":5,"column":49}},"5":{"start":{"line":6,"column":22},"end":{"line":6,"column":55}},"6":{"start":{"line":7,"column":35},"end":{"line":7,"column":69}},"7":{"start":{"line":9,"column":12},"end":{"line":9,"column":21}},"8":{"start":{"line":10,"column":13},"end":{"line":10,"column":37}},"9":{"start":{"line":12,"column":0},"end":{"line":12,"column":16}},"10":{"start":{"line":13,"column":0},"end":{"line":13,"column":24}},"11":{"start":{"line":15,"column":0},"end":{"line":15,"column":34}},"12":{"start":{"line":16,"column":0},"end":{"line":16,"column":40}},"13":{"start":{"line":18,"column":0},"end":{"line":20,"column":3}},"14":{"start":{"line":19,"column":4},"end":{"line":19,"column":56}},"15":{"start":{"line":22,"column":0},"end":{"line":22,"column":68}},"16":{"start":{"line":23,"column":0},"end":{"line":23,"column":75}},"17":{"start":{"line":25,"column":0},"end":{"line":29,"column":1}},"18":{"start":{"line":26,"column":4},"end":{"line":28,"column":7}},"19":{"start":{"line":27,"column":8},"end":{"line":27,"column":66}},"20":{"start":{"line":31,"column":0},"end":{"line":37,"column":7}},"21":{"start":{"line":33,"column":8},"end":{"line":33,"column":50}},"22":{"start":{"line":36,"column":8},"end":{"line":36,"column":54}},"23":{"start":{"line":39,"column":0},"end":{"line":39,"column":21}}},"fnMap":{"0":{"name":"(anonymous_0)","decl":{"start":{"line":18,"column":13},"end":{"line":18,"column":14}},"loc":{"start":{"line":18,"column":27},"end":{"line":20,"column":1}},"line":18},"1":{"name":"(anonymous_1)","decl":{"start":{"line":26,"column":21},"end":{"line":26,"column":22}},"loc":{"start":{"line":26,"column":27},"end":{"line":28,"column":5}},"line":26},"2":{"name":"(anonymous_2)","decl":{"start":{"line":32,"column":10},"end":{"line":32,"column":11}},"loc":{"start":{"line":32,"column":16},"end":{"line":34,"column":5}},"line":32},"3":{"name":"(anonymous_3)","decl":{"start":{"line":35,"column":11},"end":{"line":35,"column":12}},"loc":{"start":{"line":35,"column":20},"end":{"line":37,"column":5}},"line":35}},"branchMap":{"0":{"loc":{"start":{"line":10,"column":13},"end":{"line":10,"column":37}},"type":"binary-expr","locations":[{"start":{"line":10,"column":13},"end":{"line":10,"column":29}},{"start":{"line":10,"column":33},"end":{"line":10,"column":37}}],"line":10},"1":{"loc":{"start":{"line":25,"column":0},"end":{"line":29,"column":1}},"type":"if","locations":[{"start":{"line":25,"column":0},"end":{"line":29,"column":1}},{"start":{},"end":{}}],"line":25}},"s":{"0":2,"1":2,"2":2,"3":2,"4":2,"5":2,"6":2,"7":2,"8":2,"9":2,"10":2,"11":2,"12":2,"13":2,"14":0,"15":2,"16":2,"17":2,"18":0,"19":0,"20":2,"21":2,"22":0,"23":2},"f":{"0":0,"1":0,"2":2,"3":0},"b":{"0":[2,0],"1":[0,2]},"_coverageSchema":"1a1c01bbd47fc00a2c39e90264f33305004495a9","hash":"11904eac688b2fe25681b7ecba6e7b6fcd2fd0d0"}
,"/Users/admin/Documents/BenchMark /online-store/backend/config/database.js": {"path":"/Users/admin/Documents/BenchMark /online-store/backend/config/database.js","statementMap":{"0":{"start":{"line":1,"column":22},"end":{"line":1,"column":42}},"1":{"start":{"line":2,"column":0},"end":{"line":2,"column":27}},"2":{"start":{"line":4,"column":18},"end":{"line":12,"column":1}},"3":{"start":{"line":14,"column":0},"end":{"line":16,"column":48}},"4":{"start":{"line":15,"column":14},"end":{"line":15,"column":50}},"5":{"start":{"line":16,"column":18},"end":{"line":16,"column":46}},"6":{"start":{"line":18,"column":0},"end":{"line":18,"column":27}}},"fnMap":{"0":{"name":"(anonymous_0)","decl":{"start":{"line":15,"column":8},"end":{"line":15,"column":9}},"loc":{"start":{"line":15,"column":14},"end":{"line":15,"column":50}},"line":15},"1":{"name":"(anonymous_1)","decl":{"start":{"line":16,"column":9},"end":{"line":16,"column":10}},"loc":{"start":{"line":16,"column":18},"end":{"line":16,"column":46}},"line":16}},"branchMap":{},"s":{"0":2,"1":2,"2":2,"3":2,"4":2,"5":0,"6":2},"f":{"0":2,"1":0},"b":{},"_coverageSchema":"1a1c01bbd47fc00a2c39e90264f33305004495a9","hash":"843782d7561d9a7a62cf0a2b831b5f1571581e69"}
,"/Users/admin/Documents/BenchMark /online-store/backend/middleware/authMiddleware.js": {"path":"/Users/admin/Documents/BenchMark /online-store/backend/middleware/authMiddleware.js","statementMap":{"0":{"start":{"line":1,"column":12},"end":{"line":1,"column":35}},"1":{"start":{"line":2,"column":0},"end":{"line":2,"column":27}},"2":{"start":{"line":4,"column":26},"end":{"line":19,"column":1}},"3":{"start":{"line":5,"column":23},"end":{"line":5,"column":51}},"4":{"start":{"line":6,"column":18},"end":{"line":6,"column":56}},"5":{"start":{"line":8,"column":4},"end":{"line":10,"column":5}},"6":{"start":{"line":9,"column":8},"end":{"line":9,"column":86}},"7":{"start":{"line":12,"column":4},"end":{"line":18,"column":5}},"8":{"start":{"line":13,"column":24},"end":{"line":13,"column":65}},"9":{"start":{"line":14,"column":8},"end":{"line":14,"column":27}},"10":{"start":{"line":15,"column":8},"end":{"line":15,"column":15}},"11":{"start":{"line":17,"column":8},"end":{"line":17,"column":66}},"12":{"start":{"line":21,"column":22},"end":{"line":28,"column":1}},"13":{"start":{"line":22,"column":4},"end":{"line":27,"column":6}},"14":{"start":{"line":23,"column":8},"end":{"line":25,"column":9}},"15":{"start":{"line":24,"column":12},"end":{"line":24,"column":110}},"16":{"start":{"line":26,"column":8},"end":{"line":26,"column":15}},"17":{"start":{"line":30,"column":0},"end":{"line":30,"column":54}}},"fnMap":{"0":{"name":"(anonymous_0)","decl":{"start":{"line":4,"column":26},"end":{"line":4,"column":27}},"loc":{"start":{"line":4,"column":46},"end":{"line":19,"column":1}},"line":4},"1":{"name":"(anonymous_1)","decl":{"start":{"line":21,"column":22},"end":{"line":21,"column":23}},"loc":{"start":{"line":21,"column":32},"end":{"line":28,"column":1}},"line":21},"2":{"name":"(anonymous_2)","decl":{"start":{"line":22,"column":11},"end":{"line":22,"column":12}},"loc":{"start":{"line":22,"column":31},"end":{"line":27,"column":5}},"line":22}},"branchMap":{"0":{"loc":{"start":{"line":6,"column":18},"end":{"line":6,"column":56}},"type":"binary-expr","locations":[{"start":{"line":6,"column":18},"end":{"line":6,"column":28}},{"start":{"line":6,"column":32},"end":{"line":6,"column":56}}],"line":6},"1":{"loc":{"start":{"line":8,"column":4},"end":{"line":10,"column":5}},"type":"if","locations":[{"start":{"line":8,"column":4},"end":{"line":10,"column":5}},{"start":{},"end":{}}],"line":8},"2":{"loc":{"start":{"line":23,"column":8},"end":{"line":25,"column":9}},"type":"if","locations":[{"start":{"line":23,"column":8},"end":{"line":25,"column":9}},{"start":{},"end":{}}],"line":23}},"s":{"0":2,"1":2,"2":2,"3":3,"4":3,"5":3,"6":0,"7":3,"8":3,"9":3,"10":3,"11":0,"12":2,"13":6,"14":3,"15":0,"16":3,"17":2},"f":{"0":3,"1":6,"2":3},"b":{"0":[3,3],"1":[0,3],"2":[0,3]},"_coverageSchema":"1a1c01bbd47fc00a2c39e90264f33305004495a9","hash":"7031c6ba6cf7d44109ca4c30f133bab3d8d3aaa7"}
,"/Users/admin/Documents/BenchMark /online-store/backend/models/Product.js": {"path":"/Users/admin/Documents/BenchMark /online-store/backend/models/Product.js","statementMap":{"0":{"start":{"line":1,"column":22},"end":{"line":1,"column":42}},"1":{"start":{"line":2,"column":18},"end":{"line":2,"column":47}},"2":{"start":{"line":4,"column":16},"end":{"line":23,"column":2}},"3":{"start":{"line":25,"column":0},"end":{"line":25,"column":25}}},"fnMap":{},"branchMap":{},"s":{"0":2,"1":2,"2":2,"3":2},"f":{},"b":{},"_coverageSchema":"1a1c01bbd47fc00a2c39e90264f33305004495a9","hash":"d3845d617dafc3a864659af70bb959f7a1521a41"}
,"/Users/admin/Documents/BenchMark /online-store/backend/models/User.js": {"path":"/Users/admin/Documents/BenchMark /online-store/backend/models/User.js","statementMap":{"0":{"start":{"line":1,"column":22},"end":{"line":1,"column":42}},"1":{"start":{"line":2,"column":18},"end":{"line":2,"column":47}},"2":{"start":{"line":4,"column":13},"end":{"line":20,"column":2}},"3":{"start":{"line":22,"column":0},"end":{"line":22,"column":22}}},"fnMap":{},"branchMap":{},"s":{"0":2,"1":2,"2":2,"3":2},"f":{},"b":{},"_coverageSchema":"1a1c01bbd47fc00a2c39e90264f33305004495a9","hash":"cef9ee78c5940869fd6de1ae34dadb301073bdca"}
,"/Users/admin/Documents/BenchMark /online-store/backend/routes/productRoutes.js": {"path":"/Users/admin/Documents/BenchMark /online-store/backend/routes/productRoutes.js","statementMap":{"0":{"start":{"line":1,"column":16},"end":{"line":1,"column":34}},"1":{"start":{"line":2,"column":45},"end":{"line":2,"column":84}},"2":{"start":{"line":3,"column":16},"end":{"line":3,"column":44}},"3":{"start":{"line":4,"column":15},"end":{"line":4,"column":31}},"4":{"start":{"line":6,"column":0},"end":{"line":20,"column":3}},"5":{"start":{"line":7,"column":41},"end":{"line":7,"column":49}},"6":{"start":{"line":9,"column":4},"end":{"line":19,"column":5}},"7":{"start":{"line":10,"column":24},"end":{"line":15,"column":10}},"8":{"start":{"line":16,"column":8},"end":{"line":16,"column":70}},"9":{"start":{"line":18,"column":8},"end":{"line":18,"column":88}},"10":{"start":{"line":22,"column":0},"end":{"line":29,"column":3}},"11":{"start":{"line":23,"column":4},"end":{"line":28,"column":5}},"12":{"start":{"line":24,"column":25},"end":{"line":24,"column":48}},"13":{"start":{"line":25,"column":8},"end":{"line":25,"column":39}},"14":{"start":{"line":27,"column":8},"end":{"line":27,"column":89}},"15":{"start":{"line":31,"column":0},"end":{"line":42,"column":3}},"16":{"start":{"line":32,"column":19},"end":{"line":32,"column":29}},"17":{"start":{"line":34,"column":4},"end":{"line":41,"column":5}},"18":{"start":{"line":35,"column":24},"end":{"line":35,"column":64}},"19":{"start":{"line":36,"column":8},"end":{"line":36,"column":84}},"20":{"start":{"line":36,"column":22},"end":{"line":36,"column":84}},"21":{"start":{"line":38,"column":8},"end":{"line":38,"column":61}},"22":{"start":{"line":40,"column":8},"end":{"line":40,"column":88}},"23":{"start":{"line":43,"column":0},"end":{"line":62,"column":3}},"24":{"start":{"line":44,"column":19},"end":{"line":44,"column":29}},"25":{"start":{"line":45,"column":41},"end":{"line":45,"column":49}},"26":{"start":{"line":47,"column":4},"end":{"line":61,"column":5}},"27":{"start":{"line":48,"column":24},"end":{"line":48,"column":50}},"28":{"start":{"line":49,"column":8},"end":{"line":51,"column":9}},"29":{"start":{"line":50,"column":12},"end":{"line":50,"column":74}},"30":{"start":{"line":53,"column":8},"end":{"line":53,"column":44}},"31":{"start":{"line":54,"column":8},"end":{"line":54,"column":65}},"32":{"start":{"line":55,"column":8},"end":{"line":55,"column":47}},"33":{"start":{"line":56,"column":8},"end":{"line":56,"column":29}},"34":{"start":{"line":58,"column":8},"end":{"line":58,"column":70}},"35":{"start":{"line":60,"column":8},"end":{"line":60,"column":88}},"36":{"start":{"line":63,"column":0},"end":{"line":76,"column":3}},"37":{"start":{"line":64,"column":25},"end":{"line":64,"column":35}},"38":{"start":{"line":66,"column":4},"end":{"line":75,"column":5}},"39":{"start":{"line":67,"column":25},"end":{"line":67,"column":82}},"40":{"start":{"line":68,"column":8},"end":{"line":70,"column":9}},"41":{"start":{"line":69,"column":12},"end":{"line":69,"column":89}},"42":{"start":{"line":72,"column":8},"end":{"line":72,"column":39}},"43":{"start":{"line":74,"column":8},"end":{"line":74,"column":90}},"44":{"start":{"line":79,"column":0},"end":{"line":79,"column":24}}},"fnMap":{"0":{"name":"(anonymous_0)","decl":{"start":{"line":6,"column":60},"end":{"line":6,"column":61}},"loc":{"start":{"line":6,"column":80},"end":{"line":20,"column":1}},"line":6},"1":{"name":"(anonymous_1)","decl":{"start":{"line":22,"column":16},"end":{"line":22,"column":17}},"loc":{"start":{"line":22,"column":36},"end":{"line":29,"column":1}},"line":22},"2":{"name":"(anonymous_2)","decl":{"start":{"line":31,"column":65},"end":{"line":31,"column":66}},"loc":{"start":{"line":31,"column":85},"end":{"line":42,"column":1}},"line":31},"3":{"name":"(anonymous_3)","decl":{"start":{"line":43,"column":62},"end":{"line":43,"column":63}},"loc":{"start":{"line":43,"column":82},"end":{"line":62,"column":1}},"line":43},"4":{"name":"(anonymous_4)","decl":{"start":{"line":63,"column":32},"end":{"line":63,"column":33}},"loc":{"start":{"line":63,"column":52},"end":{"line":76,"column":1}},"line":63}},"branchMap":{"0":{"loc":{"start":{"line":36,"column":8},"end":{"line":36,"column":84}},"type":"if","locations":[{"start":{"line":36,"column":8},"end":{"line":36,"column":84}},{"start":{},"end":{}}],"line":36},"1":{"loc":{"start":{"line":49,"column":8},"end":{"line":51,"column":9}},"type":"if","locations":[{"start":{"line":49,"column":8},"end":{"line":51,"column":9}},{"start":{},"end":{}}],"line":49},"2":{"loc":{"start":{"line":53,"column":23},"end":{"line":53,"column":43}},"type":"binary-expr","locations":[{"start":{"line":53,"column":23},"end":{"line":53,"column":27}},{"start":{"line":53,"column":31},"end":{"line":53,"column":43}}],"line":53},"3":{"loc":{"start":{"line":54,"column":30},"end":{"line":54,"column":64}},"type":"binary-expr","locations":[{"start":{"line":54,"column":30},"end":{"line":54,"column":41}},{"start":{"line":54,"column":45},"end":{"line":54,"column":64}}],"line":54},"4":{"loc":{"start":{"line":55,"column":24},"end":{"line":55,"column":46}},"type":"binary-expr","locations":[{"start":{"line":55,"column":24},"end":{"line":55,"column":29}},{"start":{"line":55,"column":33},"end":{"line":55,"column":46}}],"line":55},"5":{"loc":{"start":{"line":68,"column":8},"end":{"line":70,"column":9}},"type":"if","locations":[{"start":{"line":68,"column":8},"end":{"line":70,"column":9}},{"start":{},"end":{}}],"line":68}},"s":{"0":2,"1":2,"2":2,"3":2,"4":2,"5":1,"6":1,"7":1,"8":1,"9":0,"10":2,"11":1,"12":1,"13":1,"14":0,"15":2,"16":1,"17":1,"18":1,"19":1,"20":0,"21":1,"22":0,"23":2,"24":1,"25":1,"26":1,"27":1,"28":1,"29":0,"30":1,"31":1,"32":1,"33":1,"34":1,"35":0,"36":2,"37":0,"38":0,"39":0,"40":0,"41":0,"42":0,"43":0,"44":2},"f":{"0":1,"1":1,"2":1,"3":1,"4":0},"b":{"0":[0,1],"1":[0,1],"2":[1,0],"3":[1,1],"4":[1,0],"5":[0,0]},"_coverageSchema":"1a1c01bbd47fc00a2c39e90264f33305004495a9","hash":"27a02e2c31cb8d73dc7086ddbde73d0bee4d76ab"}
,"/Users/admin/Documents/BenchMark /online-store/backend/routes/userRoutes.js": {"path":"/Users/admin/Documents/BenchMark /online-store/backend/routes/userRoutes.js","statementMap":{"0":{"start":{"line":1,"column":16},"end":{"line":1,"column":34}},"1":{"start":{"line":2,"column":15},"end":{"line":2,"column":31}},"2":{"start":{"line":3,"column":13},"end":{"line":3,"column":38}},"3":{"start":{"line":4,"column":42},"end":{"line":4,"column":71}},"4":{"start":{"line":5,"column":26},"end":{"line":5,"column":55}},"5":{"start":{"line":36,"column":0},"end":{"line":54,"column":3}},"6":{"start":{"line":37,"column":36},"end":{"line":37,"column":44}},"7":{"start":{"line":38,"column":2},"end":{"line":53,"column":3}},"8":{"start":{"line":39,"column":4},"end":{"line":41,"column":5}},"9":{"start":{"line":40,"column":6},"end":{"line":40,"column":74}},"10":{"start":{"line":42,"column":25},"end":{"line":42,"column":65}},"11":{"start":{"line":43,"column":4},"end":{"line":45,"column":5}},"12":{"start":{"line":44,"column":6},"end":{"line":44,"column":70}},"13":{"start":{"line":46,"column":27},"end":{"line":46,"column":55}},"14":{"start":{"line":47,"column":20},"end":{"line":47,"column":80}},"15":{"start":{"line":48,"column":18},"end":{"line":48,"column":40}},"16":{"start":{"line":49,"column":4},"end":{"line":49,"column":77}},"17":{"start":{"line":51,"column":4},"end":{"line":51,"column":55}},"18":{"start":{"line":52,"column":4},"end":{"line":52,"column":83}},"19":{"start":{"line":83,"column":0},"end":{"line":112,"column":3}},"20":{"start":{"line":84,"column":30},"end":{"line":84,"column":38}},"21":{"start":{"line":86,"column":2},"end":{"line":111,"column":3}},"22":{"start":{"line":87,"column":4},"end":{"line":89,"column":5}},"23":{"start":{"line":88,"column":6},"end":{"line":88,"column":82}},"24":{"start":{"line":91,"column":17},"end":{"line":91,"column":57}},"25":{"start":{"line":92,"column":4},"end":{"line":94,"column":5}},"26":{"start":{"line":93,"column":6},"end":{"line":93,"column":65}},"27":{"start":{"line":96,"column":20},"end":{"line":96,"column":66}},"28":{"start":{"line":97,"column":4},"end":{"line":99,"column":5}},"29":{"start":{"line":98,"column":6},"end":{"line":98,"column":70}},"30":{"start":{"line":101,"column":18},"end":{"line":101,"column":37}},"31":{"start":{"line":102,"column":4},"end":{"line":107,"column":7}},"32":{"start":{"line":109,"column":4},"end":{"line":109,"column":54}},"33":{"start":{"line":110,"column":4},"end":{"line":110,"column":80}},"34":{"start":{"line":115,"column":0},"end":{"line":115,"column":24}}},"fnMap":{"0":{"name":"(anonymous_0)","decl":{"start":{"line":36,"column":23},"end":{"line":36,"column":24}},"loc":{"start":{"line":36,"column":43},"end":{"line":54,"column":1}},"line":36},"1":{"name":"(anonymous_1)","decl":{"start":{"line":83,"column":22},"end":{"line":83,"column":23}},"loc":{"start":{"line":83,"column":42},"end":{"line":112,"column":1}},"line":83}},"branchMap":{"0":{"loc":{"start":{"line":39,"column":4},"end":{"line":41,"column":5}},"type":"if","locations":[{"start":{"line":39,"column":4},"end":{"line":41,"column":5}},{"start":{},"end":{}}],"line":39},"1":{"loc":{"start":{"line":39,"column":8},"end":{"line":39,"column":36}},"type":"binary-expr","locations":[{"start":{"line":39,"column":8},"end":{"line":39,"column":14}},{"start":{"line":39,"column":18},"end":{"line":39,"column":27}},{"start":{"line":39,"column":31},"end":{"line":39,"column":36}}],"line":39},"2":{"loc":{"start":{"line":43,"column":4},"end":{"line":45,"column":5}},"type":"if","locations":[{"start":{"line":43,"column":4},"end":{"line":45,"column":5}},{"start":{},"end":{}}],"line":43},"3":{"loc":{"start":{"line":87,"column":4},"end":{"line":89,"column":5}},"type":"if","locations":[{"start":{"line":87,"column":4},"end":{"line":89,"column":5}},{"start":{},"end":{}}],"line":87},"4":{"loc":{"start":{"line":87,"column":8},"end":{"line":87,"column":27}},"type":"binary-expr","locations":[{"start":{"line":87,"column":8},"end":{"line":87,"column":14}},{"start":{"line":87,"column":18},"end":{"line":87,"column":27}}],"line":87},"5":{"loc":{"start":{"line":92,"column":4},"end":{"line":94,"column":5}},"type":"if","locations":[{"start":{"line":92,"column":4},"end":{"line":94,"column":5}},{"start":{},"end":{}}],"line":92},"6":{"loc":{"start":{"line":97,"column":4},"end":{"line":99,"column":5}},"type":"if","locations":[{"start":{"line":97,"column":4},"end":{"line":99,"column":5}},{"start":{},"end":{}}],"line":97}},"s":{"0":2,"1":2,"2":2,"3":2,"4":2,"5":2,"6":1,"7":1,"8":1,"9":0,"10":1,"11":1,"12":0,"13":1,"14":1,"15":1,"16":1,"17":0,"18":0,"19":2,"20":2,"21":2,"22":2,"23":0,"24":2,"25":2,"26":0,"27":2,"28":2,"29":0,"30":2,"31":2,"32":0,"33":0,"34":2},"f":{"0":1,"1":2},"b":{"0":[0,1],"1":[1,1,1],"2":[0,1],"3":[0,2],"4":[2,2],"5":[0,2],"6":[0,2]},"_coverageSchema":"1a1c01bbd47fc00a2c39e90264f33305004495a9","hash":"45f3d634127a000e812981d6b71188faaab7927c"}
,"/Users/admin/Documents/BenchMark /online-store/backend/swagger/swaggerConfig.js": {"path":"/Users/admin/Documents/BenchMark /online-store/backend/swagger/swaggerConfig.js","statementMap":{"0":{"start":{"line":1,"column":21},"end":{"line":1,"column":45}},"1":{"start":{"line":2,"column":18},"end":{"line":2,"column":47}},"2":{"start":{"line":4,"column":23},"end":{"line":38,"column":1}},"3":{"start":{"line":40,"column":20},"end":{"line":40,"column":48}},"4":{"start":{"line":42,"column":0},"end":{"line":42,"column":44}}},"fnMap":{},"branchMap":{},"s":{"0":2,"1":2,"2":2,"3":2,"4":2},"f":{},"b":{},"_coverageSchema":"1a1c01bbd47fc00a2c39e90264f33305004495a9","hash":"551f6b3ee9839febcca3c7a24a1d73c5ad0764b8"}
,"/Users/admin/Documents/BenchMark /online-store/backend/utils/authUtils.js": {"path":"/Users/admin/Documents/BenchMark /online-store/backend/utils/authUtils.js","statementMap":{"0":{"start":{"line":1,"column":15},"end":{"line":1,"column":34}},"1":{"start":{"line":2,"column":12},"end":{"line":2,"column":35}},"2":{"start":{"line":5,"column":21},"end":{"line":8,"column":1}},"3":{"start":{"line":6,"column":15},"end":{"line":6,"column":39}},"4":{"start":{"line":7,"column":2},"end":{"line":7,"column":43}},"5":{"start":{"line":11,"column":24},"end":{"line":13,"column":1}},"6":{"start":{"line":12,"column":2},"end":{"line":12,"column":61}},"7":{"start":{"line":16,"column":22},"end":{"line":22,"column":1}},"8":{"start":{"line":17,"column":2},"end":{"line":21,"column":4}},"9":{"start":{"line":24,"column":0},"end":{"line":28,"column":2}}},"fnMap":{"0":{"name":"(anonymous_0)","decl":{"start":{"line":5,"column":21},"end":{"line":5,"column":22}},"loc":{"start":{"line":5,"column":41},"end":{"line":8,"column":1}},"line":5},"1":{"name":"(anonymous_1)","decl":{"start":{"line":11,"column":24},"end":{"line":11,"column":25}},"loc":{"start":{"line":11,"column":65},"end":{"line":13,"column":1}},"line":11},"2":{"name":"(anonymous_2)","decl":{"start":{"line":16,"column":22},"end":{"line":16,"column":23}},"loc":{"start":{"line":16,"column":32},"end":{"line":22,"column":1}},"line":16}},"branchMap":{},"s":{"0":2,"1":2,"2":2,"3":1,"4":1,"5":2,"6":2,"7":2,"8":3,"9":2},"f":{"0":1,"1":2,"2":3},"b":{},"_coverageSchema":"1a1c01bbd47fc00a2c39e90264f33305004495a9","hash":"77a889d7388ff5696cf41e7d688c3cff573f4f81"}
}
