TN:
SF:server.js
FN:18,(anonymous_0)
FN:26,(anonymous_1)
FN:32,(anonymous_2)
FN:35,(anonymous_3)
FNF:4
FNH:1
FNDA:0,(anonymous_0)
FNDA:0,(anonymous_1)
FNDA:2,(anonymous_2)
FNDA:0,(anonymous_3)
DA:1,2
DA:2,2
DA:3,2
DA:4,2
DA:5,2
DA:6,2
DA:7,2
DA:9,2
DA:10,2
DA:12,2
DA:13,2
DA:15,2
DA:16,2
DA:18,2
DA:19,0
DA:22,2
DA:23,2
DA:25,2
DA:26,0
DA:27,0
DA:31,2
DA:33,2
DA:36,0
DA:39,2
LF:24
LH:20
BRDA:10,0,0,2
BRDA:10,0,1,0
BRDA:25,1,0,0
BRDA:25,1,1,2
BRF:4
BRH:2
end_of_record
TN:
SF:config/database.js
FN:15,(anonymous_0)
FN:16,(anonymous_1)
FNF:2
FNH:1
FNDA:2,(anonymous_0)
FNDA:0,(anonymous_1)
DA:1,2
DA:2,2
DA:4,2
DA:14,2
DA:15,2
DA:16,0
DA:18,2
LF:7
LH:6
BRF:0
BRH:0
end_of_record
TN:
SF:middleware/authMiddleware.js
FN:4,(anonymous_0)
FN:21,(anonymous_1)
FN:22,(anonymous_2)
FNF:3
FNH:3
FNDA:3,(anonymous_0)
FNDA:6,(anonymous_1)
FNDA:3,(anonymous_2)
DA:1,2
DA:2,2
DA:4,2
DA:5,3
DA:6,3
DA:8,3
DA:9,0
DA:12,3
DA:13,3
DA:14,3
DA:15,3
DA:17,0
DA:21,2
DA:22,6
DA:23,3
DA:24,0
DA:26,3
DA:30,2
LF:18
LH:15
BRDA:6,0,0,3
BRDA:6,0,1,3
BRDA:8,1,0,0
BRDA:8,1,1,3
BRDA:23,2,0,0
BRDA:23,2,1,3
BRF:6
BRH:4
end_of_record
TN:
SF:models/Product.js
FNF:0
FNH:0
DA:1,2
DA:2,2
DA:4,2
DA:25,2
LF:4
LH:4
BRF:0
BRH:0
end_of_record
TN:
SF:models/User.js
FNF:0
FNH:0
DA:1,2
DA:2,2
DA:4,2
DA:22,2
LF:4
LH:4
BRF:0
BRH:0
end_of_record
TN:
SF:routes/productRoutes.js
FN:6,(anonymous_0)
FN:22,(anonymous_1)
FN:31,(anonymous_2)
FN:43,(anonymous_3)
FN:63,(anonymous_4)
FNF:5
FNH:4
FNDA:1,(anonymous_0)
FNDA:1,(anonymous_1)
FNDA:1,(anonymous_2)
FNDA:1,(anonymous_3)
FNDA:0,(anonymous_4)
DA:1,2
DA:2,2
DA:3,2
DA:4,2
DA:6,2
DA:7,1
DA:9,1
DA:10,1
DA:16,1
DA:18,0
DA:22,2
DA:23,1
DA:24,1
DA:25,1
DA:27,0
DA:31,2
DA:32,1
DA:34,1
DA:35,1
DA:36,1
DA:38,1
DA:40,0
DA:43,2
DA:44,1
DA:45,1
DA:47,1
DA:48,1
DA:49,1
DA:50,0
DA:53,1
DA:54,1
DA:55,1
DA:56,1
DA:58,1
DA:60,0
DA:63,2
DA:64,0
DA:66,0
DA:67,0
DA:68,0
DA:69,0
DA:72,0
DA:74,0
DA:79,2
LF:44
LH:32
BRDA:36,0,0,0
BRDA:36,0,1,1
BRDA:49,1,0,0
BRDA:49,1,1,1
BRDA:53,2,0,1
BRDA:53,2,1,0
BRDA:54,3,0,1
BRDA:54,3,1,1
BRDA:55,4,0,1
BRDA:55,4,1,0
BRDA:68,5,0,0
BRDA:68,5,1,0
BRF:12
BRH:6
end_of_record
TN:
SF:routes/userRoutes.js
FN:36,(anonymous_0)
FN:83,(anonymous_1)
FNF:2
FNH:2
FNDA:1,(anonymous_0)
FNDA:2,(anonymous_1)
DA:1,2
DA:2,2
DA:3,2
DA:4,2
DA:5,2
DA:36,2
DA:37,1
DA:38,1
DA:39,1
DA:40,0
DA:42,1
DA:43,1
DA:44,0
DA:46,1
DA:47,1
DA:48,1
DA:49,1
DA:51,0
DA:52,0
DA:83,2
DA:84,2
DA:86,2
DA:87,2
DA:88,0
DA:91,2
DA:92,2
DA:93,0
DA:96,2
DA:97,2
DA:98,0
DA:101,2
DA:102,2
DA:109,0
DA:110,0
DA:115,2
LF:35
LH:26
BRDA:39,0,0,0
BRDA:39,0,1,1
BRDA:39,1,0,1
BRDA:39,1,1,1
BRDA:39,1,2,1
BRDA:43,2,0,0
BRDA:43,2,1,1
BRDA:87,3,0,0
BRDA:87,3,1,2
BRDA:87,4,0,2
BRDA:87,4,1,2
BRDA:92,5,0,0
BRDA:92,5,1,2
BRDA:97,6,0,0
BRDA:97,6,1,2
BRF:15
BRH:10
end_of_record
TN:
SF:swagger/swaggerConfig.js
FNF:0
FNH:0
DA:1,2
DA:2,2
DA:4,2
DA:40,2
DA:42,2
LF:5
LH:5
BRF:0
BRH:0
end_of_record
TN:
SF:utils/authUtils.js
FN:5,(anonymous_0)
FN:11,(anonymous_1)
FN:16,(anonymous_2)
FNF:3
FNH:3
FNDA:1,(anonymous_0)
FNDA:2,(anonymous_1)
FNDA:3,(anonymous_2)
DA:1,2
DA:2,2
DA:5,2
DA:6,1
DA:7,1
DA:11,2
DA:12,2
DA:16,2
DA:17,3
DA:24,2
LF:10
LH:10
BRF:0
BRH:0
end_of_record
